[INFO ] 2019-12-12 19:54:28.572 [http-nio-8082-exec-1] HomeLoanProjectApplication - in getCibilScore() 
[INFO ] 2019-12-12 19:54:28.585 [http-nio-8082-exec-1] HomeLoanProjectApplication - in service getAllCibilScore
[INFO ] 2019-12-12 19:54:59.546 [http-nio-8082-exec-6] HomeLoanProjectApplication - in getCibilScore() 
[INFO ] 2019-12-12 19:54:59.547 [http-nio-8082-exec-6] HomeLoanProjectApplication - in service getAllCibilScore
[INFO ] 2019-12-12 20:05:35.426 [restartedMain] HomeLoanProjectApplication - Starting HomeLoanProjectApplication on user-PC with PID 7724 (C:\Users\user\Desktop\New\HMLoanProcessingAndSanctioning\target\classes started by user in C:\Users\user\Desktop\New\HMLoanProcessingAndSanctioning)
[INFO ] 2019-12-12 20:05:35.428 [restartedMain] HomeLoanProjectApplication - No active profile set, falling back to default profiles: default
[INFO ] 2019-12-12 20:05:40.538 [restartedMain] HomeLoanProjectApplication - Started HomeLoanProjectApplication in 5.203 seconds (JVM running for 1096.893)
[INFO ] 2019-12-12 20:06:36.736 [restartedMain] HomeLoanProjectApplication - Starting HomeLoanProjectApplication on user-PC with PID 7724 (C:\Users\user\Desktop\New\HMLoanProcessingAndSanctioning\target\classes started by user in C:\Users\user\Desktop\New\HMLoanProcessingAndSanctioning)
[INFO ] 2019-12-12 20:06:36.738 [restartedMain] HomeLoanProjectApplication - No active profile set, falling back to default profiles: default
[INFO ] 2019-12-12 20:06:42.326 [restartedMain] HomeLoanProjectApplication - Started HomeLoanProjectApplication in 5.727 seconds (JVM running for 1158.679)
[INFO ] 2019-12-12 20:07:32.426 [restartedMain] HomeLoanProjectApplication - Starting HomeLoanProjectApplication on user-PC with PID 7724 (C:\Users\user\Desktop\New\HMLoanProcessingAndSanctioning\target\classes started by user in C:\Users\user\Desktop\New\HMLoanProcessingAndSanctioning)
[INFO ] 2019-12-12 20:07:32.428 [restartedMain] HomeLoanProjectApplication - No active profile set, falling back to default profiles: default
[INFO ] 2019-12-12 20:07:37.093 [restartedMain] HomeLoanProjectApplication - Started HomeLoanProjectApplication in 4.792 seconds (JVM running for 1213.444)
[INFO ] 2019-12-12 20:08:07.635 [restartedMain] HomeLoanProjectApplication - Starting HomeLoanProjectApplication on user-PC with PID 7724 (C:\Users\user\Desktop\New\HMLoanProcessingAndSanctioning\target\classes started by user in C:\Users\user\Desktop\New\HMLoanProcessingAndSanctioning)
[INFO ] 2019-12-12 20:08:07.638 [restartedMain] HomeLoanProjectApplication - No active profile set, falling back to default profiles: default
[INFO ] 2019-12-12 20:08:12.949 [restartedMain] HomeLoanProjectApplication - Started HomeLoanProjectApplication in 5.476 seconds (JVM running for 1249.299)
[INFO ] 2019-12-12 20:09:36.694 [restartedMain] HomeLoanProjectApplication - Starting HomeLoanProjectApplication on user-PC with PID 7724 (C:\Users\user\Desktop\New\HMLoanProcessingAndSanctioning\target\classes started by user in C:\Users\user\Desktop\New\HMLoanProcessingAndSanctioning)
[INFO ] 2019-12-12 20:09:36.696 [restartedMain] HomeLoanProjectApplication - No active profile set, falling back to default profiles: default
[INFO ] 2019-12-12 20:09:41.752 [restartedMain] HomeLoanProjectApplication - Started HomeLoanProjectApplication in 5.189 seconds (JVM running for 1338.099)
[INFO ] 2019-12-12 20:11:15.787 [restartedMain] HomeLoanProjectApplication - Starting HomeLoanProjectApplication on user-PC with PID 7724 (C:\Users\user\Desktop\New\HMLoanProcessingAndSanctioning\target\classes started by user in C:\Users\user\Desktop\New\HMLoanProcessingAndSanctioning)
[INFO ] 2019-12-12 20:11:15.789 [restartedMain] HomeLoanProjectApplication - No active profile set, falling back to default profiles: default
[INFO ] 2019-12-12 20:11:20.838 [restartedMain] HomeLoanProjectApplication - Started HomeLoanProjectApplication in 5.153 seconds (JVM running for 1437.181)
[INFO ] 2019-12-12 20:12:17.743 [restartedMain] HomeLoanProjectApplication - Starting HomeLoanProjectApplication on user-PC with PID 7724 (C:\Users\user\Desktop\New\HMLoanProcessingAndSanctioning\target\classes started by user in C:\Users\user\Desktop\New\HMLoanProcessingAndSanctioning)
[INFO ] 2019-12-12 20:12:17.745 [restartedMain] HomeLoanProjectApplication - No active profile set, falling back to default profiles: default
[INFO ] 2019-12-12 20:15:40.140 [restartedMain] HomeLoanProjectApplication - Starting HomeLoanProjectApplication on user-PC with PID 7724 (C:\Users\user\Desktop\New\HMLoanProcessingAndSanctioning\target\classes started by user in C:\Users\user\Desktop\New\HMLoanProcessingAndSanctioning)
[INFO ] 2019-12-12 20:15:40.142 [restartedMain] HomeLoanProjectApplication - No active profile set, falling back to default profiles: default
[INFO ] 2019-12-12 20:19:07.848 [restartedMain] HomeLoanProjectApplication - Starting HomeLoanProjectApplication on user-PC with PID 7724 (C:\Users\user\Desktop\New\HMLoanProcessingAndSanctioning\target\classes started by user in C:\Users\user\Desktop\New\HMLoanProcessingAndSanctioning)
[INFO ] 2019-12-12 20:19:07.850 [restartedMain] HomeLoanProjectApplication - No active profile set, falling back to default profiles: default
[INFO ] 2019-12-12 20:19:13.089 [restartedMain] HomeLoanProjectApplication - Started HomeLoanProjectApplication in 5.425 seconds (JVM running for 1909.415)
[INFO ] 2019-12-12 20:21:05.987 [restartedMain] HomeLoanProjectApplication - Starting HomeLoanProjectApplication on user-PC with PID 7724 (C:\Users\user\Desktop\New\HMLoanProcessingAndSanctioning\target\classes started by user in C:\Users\user\Desktop\New\HMLoanProcessingAndSanctioning)
[INFO ] 2019-12-12 20:21:05.990 [restartedMain] HomeLoanProjectApplication - No active profile set, falling back to default profiles: default
[INFO ] 2019-12-12 20:21:11.308 [restartedMain] HomeLoanProjectApplication - Started HomeLoanProjectApplication in 5.438 seconds (JVM running for 2027.63)
[INFO ] 2019-12-12 20:21:21.984 [restartedMain] HomeLoanProjectApplication - Starting HomeLoanProjectApplication on user-PC with PID 7724 (C:\Users\user\Desktop\New\HMLoanProcessingAndSanctioning\target\classes started by user in C:\Users\user\Desktop\New\HMLoanProcessingAndSanctioning)
[INFO ] 2019-12-12 20:21:21.986 [restartedMain] HomeLoanProjectApplication - No active profile set, falling back to default profiles: default
[INFO ] 2019-12-12 20:21:27.559 [restartedMain] HomeLoanProjectApplication - Started HomeLoanProjectApplication in 5.695 seconds (JVM running for 2043.881)
[INFO ] 2019-12-12 20:21:51.498 [restartedMain] HomeLoanProjectApplication - Starting HomeLoanProjectApplication on user-PC with PID 7724 (C:\Users\user\Desktop\New\HMLoanProcessingAndSanctioning\target\classes started by user in C:\Users\user\Desktop\New\HMLoanProcessingAndSanctioning)
[INFO ] 2019-12-12 20:21:51.501 [restartedMain] HomeLoanProjectApplication - No active profile set, falling back to default profiles: default
[INFO ] 2019-12-12 20:21:56.519 [restartedMain] HomeLoanProjectApplication - Started HomeLoanProjectApplication in 5.238 seconds (JVM running for 2072.84)
[INFO ] 2019-12-12 20:22:04.100 [restartedMain] HomeLoanProjectApplication - Starting HomeLoanProjectApplication on user-PC with PID 7724 (C:\Users\user\Desktop\New\HMLoanProcessingAndSanctioning\target\classes started by user in C:\Users\user\Desktop\New\HMLoanProcessingAndSanctioning)
[INFO ] 2019-12-12 20:22:04.102 [restartedMain] HomeLoanProjectApplication - No active profile set, falling back to default profiles: default
[INFO ] 2019-12-12 20:22:09.402 [restartedMain] HomeLoanProjectApplication - Started HomeLoanProjectApplication in 5.436 seconds (JVM running for 2085.723)
[INFO ] 2019-12-12 20:22:28.788 [restartedMain] HomeLoanProjectApplication - Starting HomeLoanProjectApplication on user-PC with PID 7724 (C:\Users\user\Desktop\New\HMLoanProcessingAndSanctioning\target\classes started by user in C:\Users\user\Desktop\New\HMLoanProcessingAndSanctioning)
[INFO ] 2019-12-12 20:22:28.791 [restartedMain] HomeLoanProjectApplication - No active profile set, falling back to default profiles: default
[INFO ] 2019-12-12 20:22:33.862 [restartedMain] HomeLoanProjectApplication - Started HomeLoanProjectApplication in 5.205 seconds (JVM running for 2110.182)
[INFO ] 2019-12-12 20:23:03.895 [restartedMain] HomeLoanProjectApplication - Starting HomeLoanProjectApplication on user-PC with PID 7724 (C:\Users\user\Desktop\New\HMLoanProcessingAndSanctioning\target\classes started by user in C:\Users\user\Desktop\New\HMLoanProcessingAndSanctioning)
[INFO ] 2019-12-12 20:23:03.897 [restartedMain] HomeLoanProjectApplication - No active profile set, falling back to default profiles: default
[INFO ] 2019-12-12 20:23:09.068 [restartedMain] HomeLoanProjectApplication - Started HomeLoanProjectApplication in 5.327 seconds (JVM running for 2145.386)
[INFO ] 2019-12-12 21:53:22.175 [http-nio-8082-exec-1] HomeLoanProjectApplication - in getCibilScore() 
[INFO ] 2019-12-12 21:53:22.684 [http-nio-8082-exec-1] HomeLoanProjectApplication - in service getAllCibilScore
[INFO ] 2019-12-12 21:53:34.419 [http-nio-8082-exec-3] HomeLoanProjectApplication - getting Enquiry Details by particular leadNo
[INFO ] 2019-12-12 21:53:34.419 [http-nio-8082-exec-3] HomeLoanProjectApplication - in service getEnquiryDetails by leadNo
[INFO ] 2019-12-12 21:53:43.194 [http-nio-8082-exec-5] HomeLoanProjectApplication - getting Enquiry Details by particular leadNo
[INFO ] 2019-12-12 21:53:43.204 [http-nio-8082-exec-5] HomeLoanProjectApplication - in service getEnquiryDetails by leadNo
[INFO ] 2019-12-12 22:26:08.087 [restartedMain] HomeLoanProjectApplication - Starting HomeLoanProjectApplication on user-PC with PID 7724 (C:\Users\user\Desktop\New\HMLoanProcessingAndSanctioning\target\classes started by user in C:\Users\user\Desktop\New\HMLoanProcessingAndSanctioning)
[INFO ] 2019-12-12 22:26:08.094 [restartedMain] HomeLoanProjectApplication - No active profile set, falling back to default profiles: default
[INFO ] 2019-12-12 22:26:22.004 [restartedMain] HomeLoanProjectApplication - Started HomeLoanProjectApplication in 14.309 seconds (JVM running for 9537.163)
[INFO ] 2019-12-12 22:27:28.443 [http-nio-8082-exec-1] HomeLoanProjectApplication - getting Enquiry Details by particular leadNo
[INFO ] 2019-12-12 22:27:28.489 [http-nio-8082-exec-1] HomeLoanProjectApplication - in service getEnquiryDetails by leadNo
[INFO ] 2019-12-12 22:28:45.212 [restartedMain] HomeLoanProjectApplication - Starting HomeLoanProjectApplication on user-PC with PID 7724 (C:\Users\user\Desktop\New\HMLoanProcessingAndSanctioning\target\classes started by user in C:\Users\user\Desktop\New\HMLoanProcessingAndSanctioning)
[INFO ] 2019-12-12 22:28:45.214 [restartedMain] HomeLoanProjectApplication - No active profile set, falling back to default profiles: default
[INFO ] 2019-12-12 22:28:51.051 [restartedMain] HomeLoanProjectApplication - Started HomeLoanProjectApplication in 5.964 seconds (JVM running for 9686.206)
[INFO ] 2019-12-12 22:29:53.850 [restartedMain] HomeLoanProjectApplication - Starting HomeLoanProjectApplication on user-PC with PID 5048 (C:\Users\user\Desktop\New\HMLoanProcessingAndSanctioning\target\classes started by user in C:\Users\user\Desktop\New\HMLoanProcessingAndSanctioning)
[INFO ] 2019-12-12 22:29:53.874 [restartedMain] HomeLoanProjectApplication - No active profile set, falling back to default profiles: default
[INFO ] 2019-12-12 22:30:23.595 [restartedMain] HomeLoanProjectApplication - Started HomeLoanProjectApplication in 30.843 seconds (JVM running for 34.619)
[INFO ] 2019-12-12 22:30:51.507 [http-nio-8082-exec-1] HomeLoanProjectApplication - getting Enquiry Details by particular leadNo
[INFO ] 2019-12-12 22:30:51.534 [http-nio-8082-exec-1] HomeLoanProjectApplication - in service getEnquiryDetails by leadNo
[INFO ] 2019-12-12 22:32:12.290 [restartedMain] HomeLoanProjectApplication - Starting HomeLoanProjectApplication on user-PC with PID 5048 (C:\Users\user\Desktop\New\HMLoanProcessingAndSanctioning\target\classes started by user in C:\Users\user\Desktop\New\HMLoanProcessingAndSanctioning)
[INFO ] 2019-12-12 22:32:12.293 [restartedMain] HomeLoanProjectApplication - No active profile set, falling back to default profiles: default
[INFO ] 2019-12-12 22:32:18.302 [restartedMain] HomeLoanProjectApplication - Started HomeLoanProjectApplication in 6.156 seconds (JVM running for 149.323)
[INFO ] 2019-12-12 22:32:22.884 [http-nio-8082-exec-1] HomeLoanProjectApplication - getting Enquiry Details by particular leadNo
[INFO ] 2019-12-12 22:32:22.902 [http-nio-8082-exec-1] HomeLoanProjectApplication - in service getEnquiryDetails by leadNo
[INFO ] 2019-12-12 22:35:32.063 [http-nio-8082-exec-3] HomeLoanProjectApplication - in getCibilScore() 
[INFO ] 2019-12-12 22:35:32.064 [http-nio-8082-exec-3] HomeLoanProjectApplication - in service getAllCibilScore
[INFO ] 2019-12-12 22:38:52.453 [http-nio-8082-exec-5] HomeLoanProjectApplication - getting Enquiry Details by particular leadNo
[INFO ] 2019-12-12 22:38:52.455 [http-nio-8082-exec-5] HomeLoanProjectApplication - in service getEnquiryDetails by leadNo
[INFO ] 2019-12-12 23:23:38.970 [restartedMain] HomeLoanProjectApplication - Starting HomeLoanProjectApplication on user-PC with PID 5336 (C:\Users\user\Desktop\New\HMLoanProcessingAndSanctioning\target\classes started by user in C:\Users\user\Desktop\New\HMLoanProcessingAndSanctioning)
[INFO ] 2019-12-12 23:23:39.084 [restartedMain] HomeLoanProjectApplication - No active profile set, falling back to default profiles: default
[INFO ] 2019-12-12 23:24:23.544 [restartedMain] HomeLoanProjectApplication - Started HomeLoanProjectApplication in 45.81 seconds (JVM running for 49.652)
[INFO ] 2019-12-12 23:26:18.777 [http-nio-8082-exec-1] HomeLoanProjectApplication - in getCibilScore() 
[INFO ] 2019-12-12 23:26:18.822 [http-nio-8082-exec-1] HomeLoanProjectApplication - in service getAllCibilScore
[INFO ] 2019-12-12 23:26:45.101 [http-nio-8082-exec-3] HomeLoanProjectApplication - getting Enquiry Details by particular leadNo
[INFO ] 2019-12-12 23:26:45.103 [http-nio-8082-exec-3] HomeLoanProjectApplication - in service getEnquiryDetails by leadNo
[INFO ] 2019-12-12 23:29:31.226 [http-nio-8082-exec-6] HomeLoanProjectApplication - in getCibilScore() 
[INFO ] 2019-12-12 23:29:31.227 [http-nio-8082-exec-6] HomeLoanProjectApplication - in service getAllCibilScore
[INFO ] 2019-12-12 23:29:46.929 [http-nio-8082-exec-7] HomeLoanProjectApplication - getting Enquiry Details by particular leadNo
[INFO ] 2019-12-12 23:29:46.931 [http-nio-8082-exec-7] HomeLoanProjectApplication - in service getEnquiryDetails by leadNo
[INFO ] 2019-12-12 23:30:32.577 [http-nio-8082-exec-8] HomeLoanProjectApplication - in getCibilScore() 
[INFO ] 2019-12-12 23:30:32.579 [http-nio-8082-exec-8] HomeLoanProjectApplication - in service getAllCibilScore
[INFO ] 2019-12-12 23:30:39.862 [http-nio-8082-exec-1] HomeLoanProjectApplication - getting Enquiry Details by particular leadNo
[INFO ] 2019-12-12 23:30:39.862 [http-nio-8082-exec-1] HomeLoanProjectApplication - in service getEnquiryDetails by leadNo
[INFO ] 2019-12-12 23:30:43.869 [http-nio-8082-exec-3] HomeLoanProjectApplication - in getCibilScore() 
[INFO ] 2019-12-12 23:30:43.873 [http-nio-8082-exec-3] HomeLoanProjectApplication - in service getAllCibilScore
[INFO ] 2019-12-12 23:31:14.300 [http-nio-8082-exec-6] HomeLoanProjectApplication - getting Enquiry Details by particular leadNo
[INFO ] 2019-12-12 23:31:14.301 [http-nio-8082-exec-6] HomeLoanProjectApplication - in service getEnquiryDetails by leadNo
[INFO ] 2019-12-12 23:31:37.205 [http-nio-8082-exec-7] HomeLoanProjectApplication - in getCibilScore() 
[INFO ] 2019-12-12 23:31:37.206 [http-nio-8082-exec-7] HomeLoanProjectApplication - in service getAllCibilScore
[INFO ] 2019-12-12 23:31:45.659 [http-nio-8082-exec-8] HomeLoanProjectApplication - getting Enquiry Details by particular leadNo
[INFO ] 2019-12-12 23:31:45.660 [http-nio-8082-exec-8] HomeLoanProjectApplication - in service getEnquiryDetails by leadNo
[INFO ] 2019-12-12 23:34:11.683 [http-nio-8082-exec-1] HomeLoanProjectApplication - in getCibilScore() 
[INFO ] 2019-12-12 23:34:11.684 [http-nio-8082-exec-1] HomeLoanProjectApplication - in service getAllCibilScore
[INFO ] 2019-12-12 23:34:18.319 [http-nio-8082-exec-3] HomeLoanProjectApplication - getting Enquiry Details by particular leadNo
[INFO ] 2019-12-12 23:34:18.320 [http-nio-8082-exec-3] HomeLoanProjectApplication - in service getEnquiryDetails by leadNo
[INFO ] 2019-12-12 23:35:27.114 [http-nio-8082-exec-6] HomeLoanProjectApplication - in getCibilScore() 
[INFO ] 2019-12-12 23:35:27.115 [http-nio-8082-exec-6] HomeLoanProjectApplication - in service getAllCibilScore
[INFO ] 2019-12-12 23:35:30.641 [http-nio-8082-exec-7] HomeLoanProjectApplication - getting Enquiry Details by particular leadNo
[INFO ] 2019-12-12 23:35:30.642 [http-nio-8082-exec-7] HomeLoanProjectApplication - in service getEnquiryDetails by leadNo
[INFO ] 2019-12-12 23:37:12.648 [http-nio-8082-exec-8] HomeLoanProjectApplication - in getCibilScore() 
[INFO ] 2019-12-12 23:37:12.651 [http-nio-8082-exec-8] HomeLoanProjectApplication - in service getAllCibilScore
[INFO ] 2019-12-12 23:44:15.056 [restartedMain] HomeLoanProjectApplication - Starting HomeLoanProjectApplication on user-PC with PID 5336 (C:\Users\user\Desktop\New\HMLoanProcessingAndSanctioning\target\classes started by user in C:\Users\user\Desktop\New\HMLoanProcessingAndSanctioning)
[INFO ] 2019-12-12 23:44:15.067 [restartedMain] HomeLoanProjectApplication - No active profile set, falling back to default profiles: default
[INFO ] 2019-12-12 23:44:25.035 [restartedMain] HomeLoanProjectApplication - Started HomeLoanProjectApplication in 10.799 seconds (JVM running for 1251.126)
[INFO ] 2019-12-12 23:44:31.482 [restartedMain] HomeLoanProjectApplication - Starting HomeLoanProjectApplication on user-PC with PID 5336 (C:\Users\user\Desktop\New\HMLoanProcessingAndSanctioning\target\classes started by user in C:\Users\user\Desktop\New\HMLoanProcessingAndSanctioning)
[INFO ] 2019-12-12 23:44:31.486 [restartedMain] HomeLoanProjectApplication - No active profile set, falling back to default profiles: default
[INFO ] 2019-12-12 23:44:37.890 [restartedMain] HomeLoanProjectApplication - Started HomeLoanProjectApplication in 6.558 seconds (JVM running for 1263.98)
[INFO ] 2019-12-12 23:54:35.609 [restartedMain] HomeLoanProjectApplication - Starting HomeLoanProjectApplication on user-PC with PID 7976 (C:\Users\user\Desktop\New\HMLoanProcessingAndSanctioning\target\classes started by user in C:\Users\user\Desktop\New\HMLoanProcessingAndSanctioning)
[INFO ] 2019-12-12 23:54:35.635 [restartedMain] HomeLoanProjectApplication - No active profile set, falling back to default profiles: default
[INFO ] 2019-12-13 00:00:51.823 [restartedMain] HomeLoanProjectApplication - Starting HomeLoanProjectApplication on user-PC with PID 5596 (C:\Users\user\Desktop\New\HMLoanProcessingAndSanctioning\target\classes started by user in C:\Users\user\Desktop\New\HMLoanProcessingAndSanctioning)
[INFO ] 2019-12-13 00:00:51.872 [restartedMain] HomeLoanProjectApplication - No active profile set, falling back to default profiles: default
[INFO ] 2019-12-13 00:06:07.066 [restartedMain] HomeLoanProjectApplication - Starting HomeLoanProjectApplication on user-PC with PID 3256 (C:\Users\user\Desktop\New\HMLoanProcessingAndSanctioning\target\classes started by user in C:\Users\user\Desktop\New\HMLoanProcessingAndSanctioning)
[INFO ] 2019-12-13 00:06:07.108 [restartedMain] HomeLoanProjectApplication - No active profile set, falling back to default profiles: default
[INFO ] 2019-12-13 09:49:36.303 [restartedMain] HomeLoanProjectApplication - Starting HomeLoanProjectApplication on user-PC with PID 5732 (C:\Users\user\Desktop\New\HMLoanProcessingAndSanctioning\target\classes started by user in C:\Users\user\Desktop\New\HMLoanProcessingAndSanctioning)
[INFO ] 2019-12-13 09:49:36.353 [restartedMain] HomeLoanProjectApplication - No active profile set, falling back to default profiles: default
